<?xml version="1.0" encoding="UTF-8"?>
<!-- Generated by org.testng.reporters.JUnitReportReporter -->
<testsuite hostname="DESKTOP-JCJ8HOK" failures="0" tests="2" name="excelDataDriven.DataProviderTest" time="0.025" errors="0" timestamp="25 May 2022 02:50:24 GMT" skipped="0">
  <testcase classname="excelDataDriven.DataProviderTest" name="f" time="0.022"/>
  <testcase classname="excelDataDriven.DataProviderTest" name="f" time="0.003"/>
</testsuite> <!-- excelDataDriven.DataProviderTest -->
