<?xml version="1.0" encoding="UTF-8"?>
<!-- Generated by org.testng.reporters.JUnitReportReporter -->
<testsuite hostname="DESKTOP-JCJ8HOK" failures="0" tests="1" name="testNG.LinksTesting1" time="66.016" errors="0" timestamp="12 May 2022 03:28:06 GMT" skipped="0">
  <testcase classname="testNG.LinksTesting1" name="linktesting1" time="66.016"/>
</testsuite> <!-- testNG.LinksTesting1 -->
