<?xml version="1.0" encoding="UTF-8"?>
<!-- Generated by org.testng.reporters.JUnitReportReporter -->
<testsuite hostname="DESKTOP-JCJ8HOK" failures="0" tests="1" name="testNG.TNG_002" time="26.724" errors="0" timestamp="03 Jun 2022 02:50:12 GMT" skipped="0">
  <testcase classname="testNG.TNG_002" name="amazon" time="26.724"/>
</testsuite> <!-- testNG.TNG_002 -->
