<?xml version="1.0" encoding="UTF-8"?>
<!-- Generated by org.testng.reporters.JUnitReportReporter -->
<testsuite hostname="DESKTOP-JCJ8HOK" failures="0" tests="3" name="excelDataDriven.DataManagementWithHashTable" time="0.041" errors="0" timestamp="25 May 2022 03:21:03 GMT" skipped="0">
  <testcase classname="excelDataDriven.DataManagementWithHashTable" name="f" time="0.002"/>
  <testcase classname="excelDataDriven.DataManagementWithHashTable" name="f" time="0.003"/>
  <testcase classname="excelDataDriven.DataManagementWithHashTable" name="f" time="0.036"/>
</testsuite> <!-- excelDataDriven.DataManagementWithHashTable -->
