<?xml version="1.0" encoding="UTF-8"?>
<!-- Generated by org.testng.reporters.JUnitReportReporter -->
<testsuite hostname="DESKTOP-JCJ8HOK" failures="0" tests="1" name="suiteB.TestB1" time="2.001" errors="0" timestamp="13 May 2022 03:05:47 GMT" skipped="0">
  <testcase classname="suiteB.TestB1" name="testB1" time="2.001"/>
</testsuite> <!-- suiteB.TestB1 -->
