<?xml version="1.0" encoding="UTF-8"?>
<!-- Generated by org.testng.reporters.JUnitReportReporter -->
<testsuite hostname="DESKTOP-JCJ8HOK" failures="0" tests="1" name="testNG.NewTest" time="0.034" errors="0" timestamp="11 May 2022 03:12:10 GMT" skipped="0">
  <testcase classname="testNG.NewTest" name="f" time="0.034"/>
</testsuite> <!-- testNG.NewTest -->
