<?xml version="1.0" encoding="UTF-8"?>
<!-- Generated by org.testng.reporters.JUnitReportReporter -->
<testsuite hostname="DESKTOP-JCJ8HOK" failures="0" tests="4" name="testNG.TestDependencies" time="0.067" errors="0" timestamp="16 May 2022 03:15:41 GMT" skipped="2">
  <testcase classname="testNG.TestDependencies" name="orange" time="0.044"/>
  <testcase classname="testNG.TestDependencies" name="white" time="0.005"/>
  <testcase classname="testNG.TestDependencies" name="blue" time="0.018">
    <skipped/>
  </testcase> <!-- blue -->
  <testcase classname="testNG.TestDependencies" name="green" time="0.000">
    <skipped/>
  </testcase> <!-- green -->
</testsuite> <!-- testNG.TestDependencies -->
