<?xml version="1.0" encoding="UTF-8"?>
<!-- Generated by org.testng.reporters.JUnitReportReporter -->
<testsuite hostname="DESKTOP-JCJ8HOK" failures="0" tests="3" name="testNG.TNG_001" time="0.060" errors="0" timestamp="12 May 2022 02:50:05 GMT" skipped="1">
  <testcase classname="testNG.TNG_001" name="f" time="0.049"/>
  <testcase classname="testNG.TNG_001" name="z" time="0.011"/>
  <testcase classname="testNG.TNG_001" name="a">
    <skipped/>
  </testcase> <!-- a -->
</testsuite> <!-- testNG.TNG_001 -->
