<?xml version="1.0" encoding="UTF-8"?>
<!-- Generated by org.testng.reporters.JUnitReportReporter -->
<testsuite hostname="DESKTOP-JCJ8HOK" failures="0" tests="7" name="testNG.TestsParallel" time="0.293" errors="0" timestamp="13 May 2022 03:19:55 GMT" skipped="0">
  <testcase classname="testNG.TestsParallel" name="test4" time="0.034"/>
  <testcase classname="testNG.TestsParallel" name="test2" time="0.042"/>
  <testcase classname="testNG.TestsParallel" name="test7" time="0.062"/>
  <testcase classname="testNG.TestsParallel" name="test6" time="0.037"/>
  <testcase classname="testNG.TestsParallel" name="test5" time="0.038"/>
  <testcase classname="testNG.TestsParallel" name="test3" time="0.041"/>
  <testcase classname="testNG.TestsParallel" name="test1" time="0.039"/>
</testsuite> <!-- testNG.TestsParallel -->
