<?xml version="1.0" encoding="UTF-8"?>
<!-- Generated by org.testng.reporters.JUnitReportReporter -->
<testsuite hostname="DESKTOP-JCJ8HOK" failures="0" tests="1" name="testNG.CheckBox1" time="23.086" errors="0" timestamp="16 May 2022 02:58:30 GMT" skipped="0">
  <testcase classname="testNG.CheckBox1" name="checkboxTest" time="23.086"/>
</testsuite> <!-- testNG.CheckBox1 -->
