<?xml version="1.0" encoding="UTF-8"?>
<!-- Generated by org.testng.reporters.JUnitReportReporter -->
<testsuite hostname="DESKTOP-JCJ8HOK" failures="0" tests="2" name="excelDataDriven.DataManagementWithDataProvider" time="0.048" errors="0" timestamp="25 May 2022 03:02:42 GMT" skipped="0">
  <testcase classname="excelDataDriven.DataManagementWithDataProvider" name="f" time="0.045"/>
  <testcase classname="excelDataDriven.DataManagementWithDataProvider" name="f" time="0.003"/>
</testsuite> <!-- excelDataDriven.DataManagementWithDataProvider -->
