<?xml version="1.0" encoding="UTF-8"?>
<!-- Generated by org.testng.reporters.JUnitReportReporter -->
<testsuite hostname="DESKTOP-JCJ8HOK" failures="0" tests="1" name="testnNGAssertions.HardAssertDemo" time="19.408" errors="0" timestamp="18 May 2022 03:00:05 GMT" skipped="0">
  <testcase classname="testnNGAssertions.HardAssertDemo" name="f" time="19.408"/>
</testsuite> <!-- testnNGAssertions.HardAssertDemo -->
