<?xml version="1.0" encoding="UTF-8"?>
<!-- Generated by org.testng.reporters.JUnitReportReporter -->
<testsuite hostname="DESKTOP-JCJ8HOK" failures="0" tests="2" name="excelDataDriven.FinalReview" time="0.045" errors="0" timestamp="25 May 2022 03:36:50 GMT" skipped="1">
  <testcase classname="excelDataDriven.FinalReview" name="f" time="0.039"/>
  <testcase classname="excelDataDriven.FinalReview" name="f" time="0.006">
    <skipped/>
  </testcase> <!-- f -->
</testsuite> <!-- excelDataDriven.FinalReview -->
