<?xml version="1.0" encoding="UTF-8"?>
<!-- Generated by org.testng.reporters.JUnitReportReporter -->
<testsuite hostname="DESKTOP-JCJ8HOK" failures="0" tests="1" name="testNG.RadioButton1" time="18.130" errors="0" timestamp="16 May 2022 02:58:30 GMT" skipped="0">
  <testcase classname="testNG.RadioButton1" name="radioButtonTest" time="18.130"/>
</testsuite> <!-- testNG.RadioButton1 -->
