<?xml version="1.0" encoding="UTF-8"?>
<!-- Generated by org.testng.reporters.JUnitReportReporter -->
<testsuite skipped="0" hostname="DESKTOP-JCJ8HOK" name="testNG.TNG_002" tests="1" failures="0" timestamp="03 Jun 2022 03:11:07 GMT" time="35.690" errors="0">
  <testcase name="amazon" time="35.690" classname="testNG.TNG_002"/>
</testsuite> <!-- testNG.TNG_002 -->
